<?xml version="1.0" encoding="UTF-8"?>
<robot generator="Robot 5.0.1 (Python 3.9.13 on darwin)" generated="20230619 23:57:33.299" rpa="false" schemaversion="3">
<suite id="s1" name="Console" source="/Users/newsha/qa/dk-cld-rbt/console.robot">
<test id="s1-t1" name="Cloud Test Case" line="15">
<kw name="Set Log Level" library="BuiltIn" type="SETUP">
<arg>TRACE</arg>
<doc>Sets the log threshold to the specified level and returns the old level.</doc>
<msg timestamp="20230619 23:57:33.465" level="INFO">Log level changed from INFO to TRACE.</msg>
<msg timestamp="20230619 23:57:33.465" level="TRACE">Return: 'INFO'</msg>
<status status="PASS" starttime="20230619 23:57:33.465" endtime="20230619 23:57:33.465"/>
</kw>
<kw name="Digicloud login">
<msg timestamp="20230619 23:57:33.466" level="TRACE">Arguments: [  ]</msg>
<kw name="Open Browser">
<arg>${DIGI_CLOUD_URL}</arg>
<arg>Chrome</arg>
<msg timestamp="20230619 23:57:33.468" level="FAIL">No keyword with name 'Open Browser' found.</msg>
<status status="FAIL" starttime="20230619 23:57:33.468" endtime="20230619 23:57:33.468"/>
</kw>
<kw name="Wait Until Page Contains Element">
<arg>${LOGIN_PG}</arg>
<status status="NOT RUN" starttime="20230619 23:57:33.471" endtime="20230619 23:57:33.471"/>
</kw>
<kw name="Input Text">
<arg>${MAIL_INPUT_BOX}</arg>
<arg>${MAIL_VALUE}</arg>
<status status="NOT RUN" starttime="20230619 23:57:33.473" endtime="20230619 23:57:33.473"/>
</kw>
<kw name="Input Text">
<arg>${PASS_INPUT_BOX}</arg>
<arg>${PASS_VALUE}</arg>
<status status="NOT RUN" starttime="20230619 23:57:33.475" endtime="20230619 23:57:33.476"/>
</kw>
<kw name="Click Element">
<arg>${LOGIN_BUTTON}</arg>
<status status="NOT RUN" starttime="20230619 23:57:33.478" endtime="20230619 23:57:33.478"/>
</kw>
<kw name="Sleep" library="BuiltIn">
<arg>5seconds</arg>
<doc>Pauses the test executed for the given time.</doc>
<status status="NOT RUN" starttime="20230619 23:57:33.478" endtime="20230619 23:57:33.478"/>
</kw>
<kw name="Wait Until Page Contains">
<arg>Price update notice</arg>
<arg>5seconds</arg>
<status status="NOT RUN" starttime="20230619 23:57:33.480" endtime="20230619 23:57:33.480"/>
</kw>
<kw name="Click Element">
<arg>${GOT_IT_BTN}</arg>
<status status="NOT RUN" starttime="20230619 23:57:33.482" endtime="20230619 23:57:33.482"/>
</kw>
<kw name="Wait Until Page Contains Element">
<arg>${HOME_PAGE}</arg>
<status status="NOT RUN" starttime="20230619 23:57:33.483" endtime="20230619 23:57:33.483"/>
</kw>
<status status="FAIL" starttime="20230619 23:57:33.466" endtime="20230619 23:57:33.484"/>
</kw>
<kw name="Instance create">
<status status="NOT RUN" starttime="20230619 23:57:33.484" endtime="20230619 23:57:33.484"/>
</kw>
<kw name="Check Instance Details">
<status status="NOT RUN" starttime="20230619 23:57:33.485" endtime="20230619 23:57:33.485"/>
</kw>
<kw name="Delete Instance">
<status status="NOT RUN" starttime="20230619 23:57:33.486" endtime="20230619 23:57:33.486"/>
</kw>
<kw name="Show Instance List">
<status status="NOT RUN" starttime="20230619 23:57:33.486" endtime="20230619 23:57:33.487"/>
</kw>
<status status="FAIL" starttime="20230619 23:57:33.464" endtime="20230619 23:57:33.487">No keyword with name 'Open Browser' found.</status>
</test>
<status status="FAIL" starttime="20230619 23:57:33.302" endtime="20230619 23:57:33.488"/>
</suite>
<statistics>
<total>
<stat pass="0" fail="1" skip="0">All Tests</stat>
</total>
<tag>
</tag>
<suite>
<stat pass="0" fail="1" skip="0" id="s1" name="Console">Console</stat>
</suite>
</statistics>
<errors>
<msg timestamp="20230619 23:57:33.315" level="ERROR">Error in file '/Users/newsha/qa/dk-cld-rbt/console.robot' on line 3: Importing library 'SeleniumLibrary' failed: ModuleNotFoundError: No module named 'SeleniumLibrary'
Traceback (most recent call last):
  None
PYTHONPATH:
  /Users/newsha/.vscode/extensions/robocorp.robotframework-lsp-1.11.0/src/robotframework_debug_adapter
  /Users/newsha/qa/dk-cld-rbt
  /Users/newsha/.vscode/extensions/robocorp.robotframework-lsp-1.11.0/src
  /Users/newsha/.vscode/extensions/robocorp.robotframework-lsp-1.11.0/src/robotframework_ls/vendored
  /Users/Shared/robocorp/ht/926ffd3_b1f3c24_c597ca71/lib/python39.zip
  /Users/Shared/robocorp/ht/926ffd3_b1f3c24_c597ca71/lib/python3.9
  /Users/Shared/robocorp/ht/926ffd3_b1f3c24_c597ca71/lib/python3.9/lib-dynload
  /Users/Shared/robocorp/ht/926ffd3_b1f3c24_c597ca71/lib/python3.9/site-packages</msg>
</errors>
</robot>
